<----data---->
CPU:33.2
RAM:77.5
<----data---->
<----data---->
CPU:34.3
RAM:77.5
<----data---->
<----data---->
CPU:35.7
RAM:77.5
<----data---->
<----data---->
CPU:33.7
RAM:77.5
<----data---->
<----data---->
CPU:31.9
RAM:77.5
<----data---->
<----data---->
CPU:34.8
RAM:77.5
<----data---->
<----data---->
CPU:33.4
RAM:77.5
<----data---->
<----data---->
CPU:35.1
RAM:77.5
<----data---->
<----data---->
CPU:34.0
RAM:77.5
<----data---->
<----data---->
CPU:35.3
RAM:77.5
<----data---->
<----data---->
CPU:37.0
RAM:77.5
<----data---->
<----data---->
CPU:33.3
RAM:77.5
<----data---->
<----data---->
CPU:36.4
RAM:77.5
<----data---->
<----data---->
CPU:34.1
RAM:77.5
<----data---->
<----data---->
CPU:31.8
RAM:77.5
<----data---->
<----data---->
CPU:38.2
RAM:77.6
<----data---->
<----data---->
CPU:38.3
RAM:77.6
<----data---->
<----data---->
CPU:35.1
RAM:77.6
<----data---->
<----data---->
CPU:36.6
RAM:77.6
<----data---->
<----data---->
CPU:38.3
RAM:77.6
<----data---->
<----data---->
CPU:35.2
RAM:77.5
<----data---->
<----data---->
CPU:37.6
RAM:77.5
<----data---->
<----data---->
CPU:39.0
RAM:77.5
<----data---->
<----data---->
CPU:38.3
RAM:77.6
<----data---->
<----data---->
CPU:41.5
RAM:77.5
<----data---->
<----data---->
CPU:52.2
RAM:77.6
<----data---->
<----data---->
CPU:35.0
RAM:77.6
<----data---->
<----data---->
CPU:34.5
RAM:77.6
<----data---->
<----data---->
CPU:33.9
RAM:77.7
<----data---->
<----data---->
CPU:32.9
RAM:77.7
<----data---->
<----data---->
CPU:32.6
RAM:77.7
<----data---->
<----data---->
CPU:31.5
RAM:77.7
<----data---->
<----data---->
CPU:37.3
RAM:77.7
<----data---->
<----data---->
CPU:40.4
RAM:77.8
<----data---->
<----data---->
CPU:35.1
RAM:77.8
<----data---->
<----data---->
CPU:34.9
RAM:77.8
<----data---->
<----data---->
CPU:36.0
RAM:77.8
<----data---->
<----data---->
CPU:43.9
RAM:77.9
<----data---->
<----data---->
CPU:38.5
RAM:77.9
<----data---->
<----data---->
CPU:38.4
RAM:77.8
<----data---->
<----data---->
CPU:32.0
RAM:77.8
<----data---->
<----data---->
CPU:30.4
RAM:77.8
<----data---->
<----data---->
CPU:29.3
RAM:76.0
<----data---->
<----data---->
CPU:28.7
RAM:76.0
<----data---->
<----data---->
CPU:26.7
RAM:76.0
<----data---->
<----data---->
CPU:27.4
RAM:76.0
<----data---->
<----data---->
CPU:27.0
RAM:76.0
<----data---->
<----data---->
CPU:26.0
RAM:76.0
<----data---->
<----data---->
CPU:33.8
RAM:76.6
<----data---->
<----data---->
CPU:28.9
RAM:76.6
<----data---->
<----data---->
CPU:27.4
RAM:76.6
<----data---->
<----data---->
CPU:32.6
RAM:81.5
<----data---->
<----data---->
CPU:29.8
RAM:81.5
<----data---->
<----data---->
CPU:32.5
RAM:81.5
<----data---->
<----data---->
CPU:28.2
RAM:81.5
<----data---->
<----data---->
CPU:33.9
RAM:82.2
<----data---->
<----data---->
CPU:27.9
RAM:82.2
<----data---->
<----data---->
CPU:28.2
RAM:82.2
<----data---->
<----error---->
UP<----error---->
<----error---->
UP<----error---->
<----error---->
UP<----error---->
<----error---->
UP<----error---->
<----error---->
UP<----error---->
<----error---->
UP<----error---->
<----error---->
UP<----error---->
<----error---->
UP<----error---->
<----error---->
UP<----error---->
<----error---->
UP<----error---->
<----error---->
UP<----error---->
<----error---->
UP<----error---->
<----error---->
UP<----error---->
<----error---->
UP<----error---->
<----error---->
UP<----error---->
<----error---->
UP<----error---->
<----error---->
UP<----error---->
<----error---->
UP<----error---->
<----error---->
UP<----error---->
<----error---->
UP<----error---->
<----error---->
UP<----error---->
<----error---->
UP<----error---->
<----error---->
UP<----error---->
<----error---->
UP<----error---->
<----error---->
UP<----error---->
<----error---->
UP<----error---->
<----error---->
UP<----error---->
<----error---->
UP<----error---->
<----error---->
UP<----error---->
<----error---->
UP<----error---->
<----error---->
UP<----error---->
<----error---->
UP<----error---->
<----error---->
UP<----error---->
<----error---->
UP<----error---->
<----error---->
UP<----error---->
<----error---->
UP<----error---->
<----error---->
UP<----error---->
<----error---->
UP<----error---->
<----error---->
UP<----error---->
<----error---->
UP<----error---->
<----error---->
UP<----error---->
<----error---->
UP<----error---->
<----error---->
UP<----error---->
<----error---->
UP<----error---->
<----error---->
UP<----error---->
<----error---->
UP<----error---->
<----error---->
UP<----error---->
<----error---->
UP<----error---->
<----error---->
UP<----error---->
<----error---->
UP<----error---->
<----error---->
UP<----error---->
<----error---->
UP<----error---->
<----error---->
UP<----error---->
<----error---->
UP<----error---->
<----error---->
UP<----error---->
<----error---->
UP<----error---->
<----error---->
UP<----error---->
<----error---->
UP<----error---->
<----error---->
UP<----error---->
<----error---->
UP<----error---->
<----error---->
UP<----error---->
<----error---->
UP<----error---->
<----error---->
UP<----error---->
<----error---->
UP<----error---->
<----error---->
UP<----error---->
<----error---->
UP<----error---->
<----error---->
UP<----error---->
<----error---->
UP<----error---->
<----data---->
CPU:34.7
RAM:82.4
MYSQL:UP
<----data---->
<----data---->
CPU:32.3
RAM:82.4
MYSQL:UP
<----data---->
<----data---->
CPU:35.1
RAM:82.5
MYSQL:UP
<----data---->
<----data---->
CPU:28.9
RAM:82.4
MYSQL:UP
<----data---->
<----data---->
CPU:31.4
RAM:82.6
MYSQL:UP
<----data---->
<----data---->
CPU:31.5
RAM:82.8
MYSQL:UP
<----data---->
<----data---->
CPU:17.7
RAM:80.1
<----data---->
<----data---->
CPU:11.1
RAM:80.0
<----data---->
<----data---->
CPU:10.3
RAM:80.1
<----data---->
<----data---->
CPU:12.5
RAM:80.1
<----data---->
<----data---->
CPU:11.2
RAM:80.1
<----data---->
<----data---->
CPU:11.9
RAM:80.1
<----data---->
<----data---->
CPU:13.0
RAM:80.1
<----data---->
<----data---->
CPU:10.8
RAM:80.1
<----data---->
<----data---->
CPU:11.3
RAM:80.1
<----data---->
<----data---->
CPU:10.5
RAM:80.1
<----data---->
<----data---->
CPU:15.9
RAM:81.3
<----data---->
<----data---->
CPU:9.1
RAM:81.3
<----data---->
<----data---->
CPU:12.5
RAM:81.3
<----data---->
<----data---->
CPU:12.5
RAM:81.3
<----data---->
<----data---->
CPU:0.0
RAM:81.3
<----data---->
<----data---->
CPU:12.5
RAM:81.3
<----data---->
<----data---->
CPU:18.8
RAM:81.3
<----data---->
<----data---->
CPU:0.0
RAM:81.3
<----data---->
<----data---->
CPU:37.5
RAM:81.3
<----data---->
<----data---->
CPU:18.8
RAM:81.3
<----data---->
<----data---->
CPU:0.0
RAM:81.3
<----data---->
<----data---->
CPU:12.5
RAM:81.3
<----data---->
<----data---->
CPU:28.6
RAM:81.3
<----data---->
<----data---->
CPU:0.0
RAM:81.3
<----data---->
<----data---->
CPU:25.0
RAM:81.3
<----data---->
<----data---->
CPU:56.2
RAM:81.3
<----data---->
<----data---->
CPU:0.0
RAM:81.3
<----data---->
<----data---->
CPU:35.3
RAM:81.3
<----data---->
<----data---->
CPU:0.0
RAM:81.3
<----data---->
<----data---->
CPU:35.3
RAM:81.3
<----data---->
<----data---->
CPU:43.8
RAM:81.3
<----data---->
<----data---->
CPU:18.8
RAM:81.3
<----data---->
<----data---->
CPU:0.0
RAM:81.3
<----data---->
<----data---->
CPU:25.0
RAM:81.3
<----data---->
<----data---->
CPU:0.0
RAM:81.3
<----data---->
<----data---->
CPU:12.5
RAM:81.3
<----data---->
<----data---->
CPU:18.8
RAM:81.3
<----data---->
<----data---->
CPU:0.0
RAM:81.3
<----data---->
<----data---->
CPU:18.8
RAM:81.3
<----data---->
<----data---->
CPU:12.5
RAM:81.3
<----data---->
<----data---->
CPU:0.0
RAM:81.3
<----data---->
<----data---->
CPU:12.5
RAM:81.3
<----data---->
<----data---->
CPU:12.5
RAM:81.3
<----data---->
<----data---->
CPU:0.0
RAM:81.3
<----data---->
<----data---->
CPU:18.8
RAM:81.3
<----data---->
<----data---->
CPU:18.8
RAM:81.3
<----data---->
<----data---->
CPU:0.0
RAM:81.3
<----data---->
<----data---->
CPU:17.6
RAM:81.3
<----data---->
<----data---->
CPU:40.0
RAM:81.3
<----data---->
<----data---->
CPU:0.0
RAM:81.3
<----data---->
<----data---->
CPU:12.5
RAM:81.3
<----data---->
<----data---->
CPU:0.0
RAM:81.3
<----data---->
<----data---->
CPU:25.0
RAM:81.3
<----data---->
<----data---->
CPU:18.8
RAM:81.3
<----data---->
<----data---->
CPU:0.0
RAM:81.3
<----data---->
<----data---->
CPU:12.5
RAM:81.3
<----data---->
<----data---->
CPU:18.8
RAM:81.3
<----data---->
<----data---->
CPU:0.0
RAM:81.3
<----data---->
<----data---->
CPU:12.5
RAM:81.3
<----data---->
<----data---->
CPU:0.0
RAM:81.3
<----data---->
<----data---->
CPU:12.5
RAM:81.3
<----data---->
<----data---->
CPU:12.5
RAM:81.3
<----data---->
<----data---->
CPU:0.0
RAM:81.3
<----data---->
<----data---->
CPU:12.5
RAM:81.3
<----data---->
<----data---->
CPU:29.4
RAM:81.3
<----data---->
<----data---->
CPU:0.0
RAM:81.3
<----data---->
<----data---->
CPU:12.5
RAM:81.3
<----data---->
<----data---->
CPU:25.0
RAM:81.3
<----data---->
<----data---->
CPU:0.0
RAM:81.3
<----data---->
<----data---->
CPU:12.5
RAM:81.3
<----data---->
<----data---->
CPU:18.8
RAM:81.3
<----data---->
<----data---->
CPU:0.0
RAM:81.3
<----data---->
<----data---->
CPU:50.0
RAM:81.3
<----data---->
<----data---->
CPU:43.8
RAM:81.3
<----data---->
<----data---->
CPU:70.6
RAM:81.3
<----data---->
<----data---->
CPU:0.0
RAM:81.3
<----data---->
<----data---->
CPU:31.2
RAM:81.3
<----data---->
<----data---->
CPU:31.2
RAM:81.3
<----data---->
<----data---->
CPU:31.2
RAM:81.3
<----data---->
<----data---->
CPU:0.0
RAM:81.3
<----data---->
<----data---->
CPU:43.8
RAM:81.3
<----data---->
<----data---->
CPU:25.0
RAM:81.3
<----data---->
<----data---->
CPU:0.0
RAM:81.3
<----data---->
<----data---->
CPU:31.2
RAM:81.3
<----data---->
<----data---->
CPU:31.2
RAM:81.3
<----data---->
<----data---->
CPU:0.0
RAM:81.3
<----data---->
<----data---->
CPU:25.0
RAM:81.3
<----data---->
<----data---->
CPU:18.8
RAM:81.3
<----data---->
<----data---->
CPU:0.0
RAM:81.3
<----data---->
<----data---->
CPU:50.0
RAM:81.3
<----data---->
<----data---->
CPU:25.0
RAM:81.3
<----data---->
<----data---->
CPU:25.0
RAM:81.3
<----data---->
<----data---->
CPU:0.0
RAM:81.3
<----data---->
<----data---->
CPU:18.8
RAM:81.3
<----data---->
<----data---->
CPU:25.0
RAM:81.3
<----data---->
<----data---->
CPU:0.0
RAM:81.3
<----data---->
<----data---->
CPU:50.0
RAM:81.3
<----data---->
<----data---->
CPU:18.8
RAM:81.3
<----data---->
<----data---->
CPU:0.0
RAM:81.3
<----data---->
<----data---->
CPU:35.3
RAM:81.3
<----data---->
<----data---->
CPU:25.0
RAM:81.3
<----data---->
<----data---->
CPU:0.0
RAM:81.3
<----data---->
<----data---->
CPU:25.0
RAM:81.3
<----data---->
<----data---->
CPU:25.0
RAM:81.3
<----data---->
<----data---->
CPU:0.0
RAM:81.3
<----data---->
<----data---->
CPU:37.5
RAM:81.3
<----data---->
<----data---->
CPU:25.0
RAM:81.3
<----data---->
<----data---->
CPU:43.8
RAM:81.3
<----data---->
<----data---->
CPU:0.0
RAM:81.3
<----data---->
<----data---->
CPU:31.2
RAM:81.3
<----data---->
<----data---->
CPU:31.2
RAM:81.2
<----data---->
<----data---->
CPU:0.0
RAM:81.2
<----data---->
<----data---->
CPU:35.3
RAM:81.2
<----data---->
<----data---->
CPU:12.5
RAM:81.2
<----data---->
<----data---->
CPU:0.0
RAM:81.2
<----data---->
<----data---->
CPU:18.8
RAM:81.2
<----data---->
<----data---->
CPU:25.0
RAM:81.2
<----data---->
<----data---->
CPU:0.0
RAM:81.2
<----data---->
<----data---->
CPU:37.5
RAM:81.2
<----data---->
<----data---->
CPU:18.8
RAM:81.2
<----data---->
<----data---->
CPU:0.0
RAM:81.2
<----data---->
<----data---->
CPU:25.0
RAM:81.2
<----data---->
<----data---->
CPU:12.5
RAM:81.2
<----data---->
<----data---->
CPU:33.3
RAM:81.2
<----data---->
<----data---->
CPU:0.0
RAM:81.2
<----data---->
<----data---->
CPU:12.5
RAM:81.2
<----data---->
<----data---->
CPU:0.0
RAM:81.2
<----data---->
<----data---->
CPU:18.8
RAM:81.2
<----data---->
<----data---->
CPU:18.8
RAM:81.2
<----data---->
<----data---->
CPU:0.0
RAM:81.2
<----data---->
<----data---->
CPU:25.0
RAM:81.2
<----data---->
<----data---->
CPU:14.6
RAM:81.2
<----data---->
<----data---->
CPU:40.0
RAM:81.2
<----data---->
<----data---->
CPU:0.0
RAM:81.2
<----data---->
<----data---->
CPU:18.8
RAM:81.2
<----data---->
<----data---->
CPU:35.3
RAM:81.2
<----data---->
<----data---->
CPU:0.0
RAM:81.2
<----data---->
<----data---->
CPU:12.5
RAM:81.2
<----data---->
<----data---->
CPU:0.0
RAM:81.2
<----data---->
<----data---->
CPU:12.5
RAM:81.2
<----data---->
<----data---->
CPU:18.8
RAM:81.2
<----data---->
<----data---->
CPU:0.0
RAM:81.2
<----data---->
<----data---->
CPU:12.5
RAM:81.2
<----data---->
<----data---->
CPU:43.8
RAM:81.2
<----data---->
<----data---->
CPU:35.3
RAM:81.2
<----data---->
<----data---->
CPU:0.0
RAM:81.2
<----data---->
<----data---->
CPU:12.5
RAM:81.2
<----data---->
<----data---->
CPU:0.0
RAM:81.2
<----data---->
<----data---->
CPU:18.8
RAM:81.2
<----data---->
<----data---->
CPU:18.8
RAM:81.2
<----data---->
<----data---->
CPU:66.7
RAM:81.2
<----data---->
<----data---->
CPU:0.0
RAM:81.2
<----data---->
<----data---->
CPU:20.0
RAM:81.2
<----data---->
<----data---->
CPU:0.0
RAM:81.2
<----data---->
<----data---->
CPU:25.0
RAM:81.2
<----data---->
<----data---->
CPU:29.4
RAM:81.2
<----data---->
<----data---->
CPU:0.0
RAM:81.2
<----data---->
<----data---->
CPU:13.3
RAM:81.2
<----data---->
<----data---->
CPU:28.6
RAM:81.2
<----data---->
<----data---->
CPU:0.0
RAM:81.2
<----data---->
<----data---->
CPU:12.5
RAM:81.2
<----data---->
<----data---->
CPU:0.0
RAM:81.2
<----data---->
<----data---->
CPU:25.0
RAM:81.2
<----data---->
<----data---->
CPU:37.5
RAM:81.2
<----data---->
<----data---->
CPU:0.0
RAM:81.2
<----data---->
<----data---->
CPU:31.2
RAM:81.2
<----data---->
<----data---->
CPU:18.8
RAM:81.2
<----data---->
<----data---->
CPU:0.0
RAM:81.2
<----data---->
<----data---->
CPU:12.5
RAM:81.2
<----data---->
<----data---->
CPU:13.3
RAM:81.2
<----data---->
<----data---->
CPU:0.0
RAM:81.2
<----data---->
<----data---->
CPU:18.8
RAM:81.2
<----data---->
<----data---->
CPU:18.8
RAM:81.2
<----data---->
<----data---->
CPU:0.0
RAM:81.2
<----data---->
<----data---->
CPU:18.8
RAM:81.2
<----data---->
<----data---->
CPU:31.2
RAM:81.2
<----data---->
<----data---->
CPU:42.9
RAM:81.2
<----data---->
<----data---->
CPU:0.0
RAM:81.2
<----data---->
<----data---->
CPU:31.2
RAM:81.2
<----data---->
<----data---->
CPU:37.5
RAM:81.2
<----data---->
<----data---->
CPU:0.0
RAM:81.2
<----data---->
<----data---->
CPU:25.0
RAM:81.2
<----data---->
<----data---->
CPU:12.5
RAM:81.2
<----data---->
<----data---->
CPU:0.0
RAM:81.2
<----data---->
<----data---->
CPU:31.2
RAM:81.2
<----data---->
<----data---->
CPU:35.7
RAM:81.2
<----data---->
<----data---->
CPU:0.0
RAM:81.2
<----data---->
<----data---->
CPU:12.5
RAM:81.2
<----data---->
<----data---->
CPU:20.0
RAM:81.2
<----data---->
<----data---->
CPU:0.0
RAM:81.2
<----data---->
<----data---->
CPU:18.8
RAM:81.2
<----data---->
<----data---->
CPU:16.7
RAM:81.2
<----data---->
<----data---->
CPU:0.0
RAM:81.2
<----data---->
<----data---->
CPU:12.5
RAM:81.2
<----data---->
<----data---->
CPU:0.0
RAM:81.2
<----data---->
<----data---->
CPU:12.5
RAM:81.2
<----data---->
<----data---->
CPU:25.0
RAM:81.2
<----data---->
<----data---->
CPU:0.0
RAM:81.2
<----data---->
<----data---->
CPU:25.0
RAM:81.2
<----data---->
<----data---->
CPU:12.5
RAM:81.2
<----data---->
<----data---->
CPU:0.0
RAM:81.2
<----data---->
<----data---->
CPU:18.8
RAM:81.2
<----data---->
<----data---->
CPU:25.0
RAM:81.2
<----data---->
<----data---->
CPU:0.0
RAM:81.2
<----data---->
<----data---->
CPU:25.0
RAM:81.2
<----data---->
<----data---->
CPU:31.2
RAM:81.2
<----data---->
<----data---->
CPU:37.5
RAM:81.2
<----data---->
<----data---->
CPU:0.0
RAM:81.2
<----data---->
<----data---->
CPU:70.6
RAM:81.2
<----data---->
<----data---->
CPU:31.2
RAM:81.2
<----data---->
<----data---->
CPU:37.5
RAM:81.2
<----data---->
<----data---->
CPU:0.0
RAM:81.2
<----data---->
<----data---->
CPU:50.0
RAM:81.2
<----data---->
<----data---->
CPU:35.3
RAM:81.2
<----data---->
<----data---->
CPU:30.0
RAM:81.2
<----data---->
<----data---->
CPU:0.0
RAM:81.2
<----data---->
<----data---->
CPU:31.2
RAM:81.2
<----data---->
<----data---->
CPU:29.4
RAM:81.2
<----data---->
<----data---->
CPU:0.0
RAM:81.2
<----data---->
<----data---->
CPU:12.5
RAM:81.2
<----data---->
<----data---->
CPU:18.8
RAM:81.2
<----data---->
<----data---->
CPU:0.0
RAM:81.2
<----data---->
<----data---->
CPU:12.5
RAM:81.2
<----data---->
<----data---->
CPU:18.8
RAM:81.2
<----data---->
<----data---->
CPU:0.0
RAM:81.2
<----data---->
<----data---->
CPU:18.8
RAM:81.2
<----data---->
<----data---->
CPU:18.8
RAM:81.2
<----data---->
<----data---->
CPU:0.0
RAM:81.2
<----data---->
<----data---->
CPU:12.5
RAM:81.2
<----data---->
<----data---->
CPU:12.5
RAM:81.2
<----data---->
<----data---->
CPU:0.0
RAM:81.2
<----data---->
<----data---->
CPU:18.8
RAM:81.2
<----data---->
<----data---->
CPU:33.3
RAM:81.2
<----data---->
<----data---->
CPU:0.0
RAM:81.2
<----data---->
<----data---->
CPU:18.8
RAM:81.2
<----data---->
<----data---->
CPU:36.4
RAM:81.2
<----data---->
<----data---->
CPU:0.0
RAM:81.2
<----data---->
<----data---->
CPU:12.5
RAM:81.2
<----data---->
<----data---->
CPU:0.0
RAM:81.2
<----data---->
<----data---->
CPU:12.5
RAM:81.2
<----data---->
<----data---->
CPU:12.5
RAM:81.2
<----data---->
<----data---->
CPU:0.0
RAM:81.2
<----data---->
<----data---->
CPU:31.2
RAM:81.2
<----data---->
<----data---->
CPU:23.5
RAM:81.2
<----data---->
<----data---->
CPU:0.0
RAM:81.2
<----data---->
<----data---->
CPU:31.2
RAM:81.2
<----data---->
<----data---->
CPU:0.0
RAM:81.2
<----data---->
<----data---->
CPU:43.8
RAM:81.2
<----data---->
<----data---->
CPU:25.0
RAM:81.2
<----data---->
<----data---->
CPU:0.0
RAM:81.2
<----data---->
<----data---->
CPU:29.4
RAM:81.2
<----data---->
<----data---->
CPU:29.4
RAM:81.2
<----data---->
<----data---->
CPU:0.0
RAM:81.2
<----data---->
<----data---->
CPU:18.8
RAM:81.2
<----data---->
<----data---->
CPU:47.1
RAM:81.2
<----data---->
<----data---->
CPU:0.0
RAM:81.2
<----data---->
<----data---->
CPU:31.2
RAM:81.2
<----data---->
<----data---->
CPU:33.3
RAM:81.2
<----data---->
<----data---->
CPU:0.0
RAM:81.2
<----data---->
<----data---->
CPU:12.5
RAM:81.2
<----data---->
<----data---->
CPU:50.0
RAM:81.2
<----data---->
<----data---->
CPU:8.3
RAM:81.2
<----data---->
<----data---->
CPU:12.5
RAM:81.2
<----data---->
<----data---->
CPU:0.0
RAM:81.2
<----data---->
<----data---->
CPU:20.0
RAM:81.2
<----data---->
<----data---->
CPU:17.6
RAM:81.2
<----data---->
<----data---->
CPU:0.0
RAM:81.2
<----data---->
<----data---->
CPU:20.0
RAM:81.2
<----data---->
<----data---->
CPU:0.0
RAM:81.2
<----data---->
<----data---->
CPU:18.8
RAM:81.2
<----data---->
<----data---->
CPU:18.8
RAM:81.2
<----data---->
<----data---->
CPU:0.0
RAM:81.2
<----data---->
<----data---->
CPU:31.2
RAM:81.2
<----data---->
<----data---->
CPU:25.0
RAM:81.2
<----data---->
<----data---->
CPU:0.0
RAM:81.2
<----data---->
<----data---->
CPU:12.5
RAM:81.2
<----data---->
<----data---->
CPU:25.0
RAM:81.2
<----data---->
<----data---->
CPU:0.0
RAM:81.2
<----data---->
<----data---->
CPU:43.8
RAM:81.2
<----data---->
<----data---->
CPU:18.8
RAM:81.2
<----data---->
<----data---->
CPU:0.0
RAM:81.2
<----data---->
<----data---->
CPU:31.2
RAM:81.2
<----data---->
<----data---->
CPU:25.0
RAM:81.2
<----data---->
<----data---->
CPU:31.2
RAM:81.2
<----data---->
<----data---->
CPU:0.0
RAM:81.2
<----data---->
<----data---->
CPU:25.0
RAM:81.2
<----data---->
<----data---->
CPU:18.8
RAM:81.2
<----data---->
<----data---->
CPU:18.8
RAM:81.2
<----data---->
<----data---->
CPU:0.0
RAM:81.2
<----data---->
<----data---->
CPU:18.8
RAM:81.2
<----data---->
<----data---->
CPU:18.8
RAM:81.2
<----data---->
<----data---->
CPU:31.2
RAM:81.2
<----data---->
<----data---->
CPU:0.0
RAM:81.2
<----data---->
<----data---->
CPU:18.8
RAM:81.2
<----data---->
<----data---->
CPU:18.8
RAM:81.2
<----data---->
<----data---->
CPU:25.0
RAM:81.2
<----data---->
<----data---->
CPU:0.0
RAM:81.2
<----data---->
<----data---->
CPU:18.8
RAM:81.2
<----data---->
<----data---->
CPU:0.0
RAM:81.2
<----data---->
<----data---->
CPU:25.0
RAM:81.2
<----data---->
<----data---->
CPU:18.8
RAM:81.2
<----data---->
<----data---->
CPU:0.0
RAM:81.2
<----data---->
<----data---->
CPU:31.2
RAM:81.2
<----data---->
<----data---->
CPU:25.0
RAM:81.2
<----data---->
<----data---->
CPU:0.0
RAM:81.2
<----data---->
<----data---->
CPU:25.0
RAM:81.2
<----data---->
<----data---->
CPU:12.5
RAM:81.2
<----data---->
<----data---->
CPU:0.0
RAM:81.2
<----data---->
<----data---->
CPU:31.2
RAM:81.2
<----data---->
<----data---->
CPU:37.5
RAM:81.2
<----data---->
<----data---->
CPU:0.0
RAM:81.2
<----data---->
<----data---->
CPU:43.8
RAM:81.2
<----data---->
<----data---->
CPU:18.8
RAM:81.2
<----data---->
<----data---->
CPU:0.0
RAM:81.2
<----data---->
<----data---->
CPU:28.1
RAM:81.2
<----data---->
<----data---->
CPU:56.2
RAM:81.2
<----data---->
<----data---->
CPU:0.0
RAM:81.2
<----data---->
<----data---->
CPU:31.2
RAM:81.2
<----data---->
<----data---->
CPU:31.2
RAM:81.2
<----data---->
<----data---->
CPU:25.0
RAM:81.2
<----data---->
<----data---->
CPU:0.0
RAM:81.2
<----data---->
<----data---->
CPU:31.2
RAM:81.2
<----data---->
<----data---->
CPU:31.2
RAM:81.2
<----data---->
<----data---->
CPU:0.0
RAM:81.2
<----data---->
<----data---->
CPU:25.0
RAM:81.2
<----data---->
<----data---->
CPU:37.5
RAM:81.2
<----data---->
<----data---->
CPU:0.0
RAM:81.2
<----data---->
<----data---->
CPU:12.5
RAM:81.2
<----data---->
<----data---->
CPU:26.7
RAM:81.2
<----data---->
<----data---->
CPU:0.0
RAM:81.2
<----data---->
<----data---->
CPU:43.8
RAM:81.2
<----data---->
<----data---->
CPU:25.0
RAM:81.2
<----data---->
<----data---->
CPU:0.0
RAM:81.2
<----data---->
<----data---->
CPU:12.5
RAM:81.2
<----data---->
<----data---->
CPU:20.0
RAM:81.2
<----data---->
<----data---->
CPU:0.0
RAM:81.2
<----data---->
<----data---->
CPU:12.5
RAM:81.2
<----data---->
<----data---->
CPU:0.0
RAM:81.2
<----data---->
<----data---->
CPU:6.2
RAM:81.2
<----data---->
<----data---->
CPU:18.8
RAM:81.2
<----data---->
<----data---->
CPU:0.0
RAM:81.2
<----data---->
<----data---->
CPU:18.8
RAM:81.2
<----data---->
<----data---->
CPU:18.8
RAM:81.2
<----data---->
<----data---->
CPU:0.0
RAM:81.2
<----data---->
<----data---->
CPU:12.5
RAM:81.2
<----data---->
<----data---->
CPU:0.0
RAM:81.2
<----data---->
<----data---->
CPU:6.2
RAM:81.2
<----data---->
<----data---->
CPU:25.0
RAM:81.2
<----data---->
<----data---->
CPU:0.0
RAM:81.2
<----data---->
<----data---->
CPU:12.5
RAM:81.2
<----data---->
<----data---->
CPU:43.8
RAM:81.2
<----data---->
<----data---->
CPU:0.0
RAM:81.2
<----data---->
<----data---->
CPU:18.8
RAM:81.2
<----data---->
<----data---->
CPU:43.8
RAM:81.2
<----data---->
<----data---->
CPU:0.0
RAM:81.2
<----data---->
<----data---->
CPU:25.0
RAM:81.2
<----data---->
<----data---->
CPU:25.0
RAM:81.2
<----data---->
<----data---->
CPU:0.0
RAM:81.2
<----data---->
<----data---->
CPU:18.8
RAM:81.2
<----data---->
<----data---->
CPU:18.8
RAM:81.2
<----data---->
<----data---->
CPU:0.0
RAM:81.2
<----data---->
<----data---->
CPU:12.5
RAM:81.2
<----data---->
<----data---->
CPU:0.0
RAM:81.2
<----data---->
<----data---->
CPU:12.5
RAM:81.2
<----data---->
<----data---->
CPU:38.9
RAM:81.2
<----data---->
<----data---->
CPU:0.0
RAM:81.2
<----data---->
<----data---->
CPU:25.0
RAM:81.2
<----data---->
<----data---->
CPU:29.4
RAM:81.2
<----data---->
<----data---->
CPU:0.0
RAM:81.2
<----data---->
<----data---->
CPU:29.4
RAM:81.2
<----data---->
<----data---->
CPU:25.0
RAM:81.2
<----data---->
<----data---->
CPU:0.0
RAM:81.2
<----data---->
<----data---->
CPU:12.5
RAM:81.2
<----data---->
<----data---->
CPU:18.8
RAM:81.2
<----data---->
<----data---->
CPU:0.0
RAM:81.2
<----data---->
<----data---->
CPU:12.5
RAM:81.2
<----data---->
<----data---->
CPU:0.0
RAM:81.2
<----data---->
<----data---->
CPU:31.2
RAM:81.2
<----data---->
<----data---->
CPU:18.8
RAM:81.2
<----data---->
<----data---->
CPU:0.0
RAM:81.2
<----data---->
<----data---->
CPU:25.0
RAM:81.2
<----data---->
<----data---->
CPU:20.0
RAM:81.2
<----data---->
<----data---->
CPU:0.0
RAM:81.2
<----data---->
<----data---->
CPU:25.0
RAM:81.2
<----data---->
<----data---->
CPU:18.8
RAM:81.2
<----data---->
<----data---->
CPU:0.0
RAM:81.2
<----data---->
<----data---->
CPU:12.5
RAM:81.2
<----data---->
<----data---->
CPU:18.8
RAM:81.2
<----data---->
<----data---->
CPU:0.0
RAM:81.2
<----data---->
<----data---->
CPU:12.5
RAM:81.2
<----data---->
<----data---->
CPU:23.5
RAM:81.2
<----data---->
<----data---->
CPU:0.0
RAM:81.2
<----data---->
<----data---->
CPU:18.8
RAM:81.2
<----data---->
<----data---->
CPU:18.8
RAM:81.2
<----data---->
<----data---->
CPU:0.0
RAM:81.2
<----data---->
<----data---->
CPU:18.8
RAM:81.2
<----data---->
<----data---->
CPU:25.0
RAM:81.2
<----data---->
<----data---->
CPU:31.2
RAM:81.2
<----data---->
<----data---->
CPU:0.0
RAM:81.2
<----data---->
<----data---->
CPU:41.2
RAM:81.2
<----data---->
<----data---->
CPU:31.2
RAM:81.2
<----data---->
<----data---->
CPU:0.0
RAM:81.2
<----data---->
<----data---->
CPU:12.5
RAM:81.2
<----data---->
<----data---->
CPU:18.8
RAM:81.2
<----data---->
<----data---->
CPU:0.0
RAM:81.2
<----data---->
<----data---->
CPU:12.5
RAM:81.2
<----data---->
<----data---->
CPU:0.0
RAM:81.2
<----data---->
<----data---->
CPU:18.8
RAM:81.2
<----data---->
<----data---->
CPU:23.5
RAM:81.2
<----data---->
<----data---->
CPU:0.0
RAM:81.2
<----data---->
<----data---->
CPU:12.5
RAM:81.2
<----data---->
<----data---->
CPU:0.0
RAM:81.2
<----data---->
<----data---->
CPU:25.0
RAM:81.2
<----data---->
<----data---->
CPU:31.2
RAM:81.2
<----data---->
<----data---->
CPU:17.1
RAM:81.6
<----data---->
<----data---->
CPU:10.8
RAM:81.6
<----data---->
<----data---->
CPU:11.0
RAM:81.6
<----data---->
<----data---->
CPU:12.1
RAM:81.6
<----data---->
<----data---->
CPU:16.2
RAM:81.7
<----data---->
<----data---->
CPU:10.5
RAM:81.7
<----data---->
<----data---->
CPU:14.4
RAM:81.6
<----data---->
<----data---->
CPU:13.3
RAM:81.7
<----data---->
<----data---->
CPU:11.9
RAM:81.7
<----data---->
<----data---->
CPU:44.4
RAM:80.2
<----data---->
<----data---->
CPU:36.3
RAM:80.3
<----data---->
<----data---->
CPU:23.8
RAM:80.3
<----data---->
<----data---->
CPU:25.8
RAM:80.3
<----data---->
<----data---->
CPU:22.8
RAM:80.3
<----data---->
<----data---->
CPU:23.5
RAM:80.3
<----data---->
<----data---->
CPU:21.3
RAM:80.3
<----data---->
<----data---->
CPU:24.0
RAM:80.3
<----data---->
<----data---->
CPU:20.3
RAM:80.2
<----data---->
<----data---->
CPU:22.8
RAM:80.3
<----data---->
<----data---->
CPU:22.8
RAM:80.3
<----data---->
<----data---->
CPU:22.9
RAM:80.2
<----data---->
<----data---->
CPU:29.5
RAM:80.4
<----data---->
<----data---->
CPU:28.3
RAM:80.9
<----data---->
<----data---->
CPU:32.6
RAM:80.0
<----data---->
<----data---->
CPU:25.8
RAM:79.9
<----data---->
<----data---->
CPU:24.9
RAM:79.9
<----data---->
<----data---->
CPU:26.8
RAM:79.8
<----data---->
<----data---->
CPU:27.1
RAM:79.9
<----data---->
<----data---->
CPU:24.7
RAM:80.0
<----data---->
<----data---->
CPU:24.4
RAM:80.0
<----data---->
<----data---->
CPU:23.6
RAM:80.0
<----data---->
<----data---->
CPU:25.7
RAM:80.0
<----data---->
<----data---->
CPU:24.7
RAM:80.1
<----data---->
<----data---->
CPU:25.3
RAM:80.1
<----data---->
<----data---->
CPU:23.4
RAM:80.1
<----data---->
<----data---->
CPU:24.7
RAM:80.1
<----data---->
<----data---->
CPU:24.5
RAM:80.1
<----data---->
<----data---->
CPU:26.2
RAM:80.1
<----data---->
<----data---->
CPU:26.0
RAM:80.1
<----data---->
<----data---->
CPU:25.2
RAM:80.0
<----data---->
<----data---->
CPU:26.5
RAM:80.0
<----data---->
<----data---->
CPU:27.4
RAM:80.1
<----data---->
<----data---->
CPU:27.5
RAM:80.1
<----data---->
<----data---->
CPU:22.6
RAM:80.1
<----data---->
<----data---->
CPU:25.1
RAM:80.1
<----data---->
<----data---->
CPU:25.4
RAM:80.2
<----data---->
<----data---->
CPU:30.3
RAM:70.2
<----data---->
<----data---->
CPU:26.7
RAM:70.1
<----data---->
